[08:26:58] [main/INFO]: Loading Minecraft 1.20.1 with Fabric Loader 0.16.3
[08:27:02] [main/INFO]: Loading 102 mods:
	- c2me 0.2.0+alpha.11.13
	   |-- c2me-base 0.2.0+alpha.11.13
	   |-- c2me-client-uncapvd 0.2.0+alpha.11.13
	   |-- c2me-fixes-chunkio-threading-issues 0.2.0+alpha.11.13
	   |-- c2me-fixes-general-threading-issues 0.2.0+alpha.11.13
	   |-- c2me-fixes-worldgen-threading-issues 0.2.0+alpha.11.13
	   |-- c2me-fixes-worldgen-vanilla-bugs 0.2.0+alpha.11.13
	   |-- c2me-notickvd 0.2.0+alpha.11.13
	   |-- c2me-opts-allocs 0.2.0+alpha.11.13
	   |-- c2me-opts-chunk-access 0.2.0+alpha.11.13
	   |-- c2me-opts-chunkio 0.2.0+alpha.11.13
	   |-- c2me-opts-math 0.2.0+alpha.11.13
	   |-- c2me-opts-scheduling 0.2.0+alpha.11.13
	   |-- c2me-opts-worldgen-general 0.2.0+alpha.11.13
	   |-- c2me-opts-worldgen-vanilla 0.2.0+alpha.11.13
	   |-- c2me-rewrites-chunk-serializer 0.2.0+alpha.11.13
	   |-- c2me-rewrites-chunkio 0.2.0+alpha.11.13
	   |-- c2me-server-utils 0.2.0+alpha.11.13
	   |-- c2me-threading-chunkio 0.2.0+alpha.11.13
	   |-- c2me-threading-lighting 0.2.0+alpha.11.13
	   |-- c2me-threading-worldgen 0.2.0+alpha.11.13
	   |-- com_electronwill_night-config_core 3.6.5
	   |-- com_electronwill_night-config_toml 3.6.5
	   |-- com_ibm_async_asyncutil 0.1.0
	   |-- net_objecthunter_exp4j 0.4.8
	   \-- org_threadly_threadly 7.0
	- cloth-config 11.1.136
	   \-- cloth-basic-math 0.6.1
	- entityculling 1.7.0
	- fabric-api 0.92.2+1.20.1
	   |-- fabric-api-base 0.4.31+1802ada577
	   |-- fabric-api-lookup-api-v1 1.6.36+1802ada577
	   |-- fabric-biome-api-v1 13.0.13+1802ada577
	   |-- fabric-block-api-v1 1.0.11+1802ada577
	   |-- fabric-block-view-api-v2 1.0.1+1802ada577
	   |-- fabric-blockrenderlayer-v1 1.1.41+1802ada577
	   |-- fabric-client-tags-api-v1 1.1.2+1802ada577
	   |-- fabric-command-api-v1 1.2.34+f71b366f77
	   |-- fabric-command-api-v2 2.2.13+1802ada577
	   |-- fabric-commands-v0 0.2.51+df3654b377
	   |-- fabric-containers-v0 0.1.64+df3654b377
	   |-- fabric-content-registries-v0 4.0.11+1802ada577
	   |-- fabric-convention-tags-v1 1.5.5+1802ada577
	   |-- fabric-crash-report-info-v1 0.2.19+1802ada577
	   |-- fabric-data-attachment-api-v1 1.0.0+de0fd6d177
	   |-- fabric-data-generation-api-v1 12.3.4+1802ada577
	   |-- fabric-dimensions-v1 2.1.54+1802ada577
	   |-- fabric-entity-events-v1 1.6.0+1c78457f77
	   |-- fabric-events-interaction-v0 0.6.2+1802ada577
	   |-- fabric-events-lifecycle-v0 0.2.63+df3654b377
	   |-- fabric-game-rule-api-v1 1.0.40+1802ada577
	   |-- fabric-item-api-v1 2.1.28+1802ada577
	   |-- fabric-item-group-api-v1 4.0.12+1802ada577
	   |-- fabric-key-binding-api-v1 1.0.37+1802ada577
	   |-- fabric-keybindings-v0 0.2.35+df3654b377
	   |-- fabric-lifecycle-events-v1 2.2.22+1802ada577
	   |-- fabric-loot-api-v2 1.2.1+1802ada577
	   |-- fabric-loot-tables-v1 1.1.45+9e7660c677
	   |-- fabric-message-api-v1 5.1.9+1802ada577
	   |-- fabric-mining-level-api-v1 2.1.50+1802ada577
	   |-- fabric-model-loading-api-v1 1.0.3+1802ada577
	   |-- fabric-models-v0 0.4.2+9386d8a777
	   |-- fabric-networking-api-v1 1.3.11+1802ada577
	   |-- fabric-networking-v0 0.3.51+df3654b377
	   |-- fabric-object-builder-api-v1 11.1.3+1802ada577
	   |-- fabric-particles-v1 1.1.2+1802ada577
	   |-- fabric-recipe-api-v1 1.0.21+1802ada577
	   |-- fabric-registry-sync-v0 2.3.3+1802ada577
	   |-- fabric-renderer-api-v1 3.2.1+1802ada577
	   |-- fabric-renderer-indigo 1.5.2+85287f9f77
	   |-- fabric-renderer-registries-v1 3.2.46+df3654b377
	   |-- fabric-rendering-data-attachment-v1 0.3.37+92a0d36777
	   |-- fabric-rendering-fluids-v1 3.0.28+1802ada577
	   |-- fabric-rendering-v0 1.1.49+df3654b377
	   |-- fabric-rendering-v1 3.0.8+1802ada577
	   |-- fabric-resource-conditions-api-v1 2.3.8+1802ada577
	   |-- fabric-resource-loader-v0 0.11.10+1802ada577
	   |-- fabric-screen-api-v1 2.0.8+1802ada577
	   |-- fabric-screen-handler-api-v1 1.3.30+1802ada577
	   |-- fabric-sound-api-v1 1.0.13+1802ada577
	   |-- fabric-transfer-api-v1 3.3.5+8dd72ea377
	   \-- fabric-transitive-access-wideners-v1 4.3.1+1802ada577
	- fabric-language-kotlin 1.12.2+kotlin.2.0.20
	   |-- org_jetbrains_kotlin_kotlin-reflect 2.0.20
	   |-- org_jetbrains_kotlin_kotlin-stdlib 2.0.20
	   |-- org_jetbrains_kotlin_kotlin-stdlib-jdk7 2.0.20
	   |-- org_jetbrains_kotlin_kotlin-stdlib-jdk8 2.0.20
	   |-- org_jetbrains_kotlinx_atomicfu-jvm 0.25.0
	   |-- org_jetbrains_kotlinx_kotlinx-coroutines-core-jvm 1.9.0
	   |-- org_jetbrains_kotlinx_kotlinx-coroutines-jdk8 1.9.0
	   |-- org_jetbrains_kotlinx_kotlinx-datetime-jvm 0.6.1
	   |-- org_jetbrains_kotlinx_kotlinx-io-bytestring-jvm 0.5.4
	   |-- org_jetbrains_kotlinx_kotlinx-io-core-jvm 0.5.4
	   |-- org_jetbrains_kotlinx_kotlinx-serialization-cbor-jvm 1.7.2
	   |-- org_jetbrains_kotlinx_kotlinx-serialization-core-jvm 1.7.2
	   \-- org_jetbrains_kotlinx_kotlinx-serialization-json-jvm 1.7.2
	- fabricloader 0.16.3
	   \-- mixinextras 0.4.1
	- ferritecore 6.0.1
	- java 17
	- lithium 0.11.2
	- minecraft 1.20.1
	- modernfix 5.19.4+mc1.20.1
	- nochatreports 1.20.1-v2.2.2
	   |-- fabric-rendering-v1 3.0.6+b3afc78b82
	   \-- fabric-screen-api-v1 2.0.6+b3afc78b82
	- noisium 2.3.0+mc1.20-1.20.1
	- threadtweak 1.20.2-0.1.1
	- vmp 0.2.0+beta.7.102
	- yet_another_config_lib_v3 3.5.0+1.20.1-fabric
	   |-- com_twelvemonkeys_common_common-image 3.10.0
	   |-- com_twelvemonkeys_common_common-io 3.10.0
	   |-- com_twelvemonkeys_common_common-lang 3.10.0
	   |-- com_twelvemonkeys_imageio_imageio-core 3.10.0
	   |-- com_twelvemonkeys_imageio_imageio-metadata 3.10.0
	   |-- com_twelvemonkeys_imageio_imageio-webp 3.10.0
	   |-- org_quiltmc_parsers_gson 0.2.1
	   \-- org_quiltmc_parsers_json 0.2.1
[08:27:03] [main/INFO]: SpongePowered MIXIN Subsystem Version=0.8.7 Source=file:/workspaces/Lord-lab4/servidor_minecraft/libraries/net/fabricmc/sponge-mixin/0.15.2+mixin.0.8.7/sponge-mixin-0.15.2+mixin.0.8.7.jar Service=Knot/Fabric Env=SERVER
[08:27:03] [main/INFO]: Compatibility level set to JAVA_16
[08:27:03] [main/INFO]: Compatibility level set to JAVA_17
[08:27:04] [main/INFO]: Initializing com.ishland.c2me.base.mixin
[08:27:04] [main/INFO]: Initializing com.ishland.c2me.fixes.chunkio.threading_issues.mixin
[08:27:04] [main/INFO]: Initializing com.ishland.c2me.fixes.general.threading_issues.mixin
[08:27:04] [main/INFO]: Initializing com.ishland.c2me.fixes.worldgen.threading_issues.mixin
[08:27:04] [main/INFO]: Initializing com.ishland.c2me.fixes.worldgen.vanilla_bugs.mixin
[08:27:04] [main/INFO]: Initializing com.ishland.c2me.notickvd.mixin
[08:27:04] [main/INFO]: Initializing com.ishland.c2me.opts.allocs.mixin
[08:27:04] [main/INFO]: Initializing com.ishland.c2me.opts.chunk_access.mixin
[08:27:04] [main/INFO]: Initializing com.ishland.c2me.opts.chunkio.mixin
[08:27:04] [main/INFO]: Initializing com.ishland.c2me.opts.math.mixin
[08:27:04] [main/INFO]: Initializing com.ishland.c2me.opts.scheduling.mixin
[08:27:04] [main/INFO]: Initializing com.ishland.c2me.opts.worldgen.general.mixin
[08:27:04] [main/INFO]: Initializing com.ishland.c2me.opts.worldgen.vanilla.mixin
[08:27:04] [main/INFO]: Initializing com.ishland.c2me.rewrites.chunk_serializer.mixin
[08:27:04] [main/INFO]: Initializing com.ishland.c2me.rewrites.chunkio.mixin
[08:27:04] [main/INFO]: Disabling com.ishland.c2me.rewrites.chunkio.mixin
[08:27:04] [main/INFO]: Initializing com.ishland.c2me.server.utils.mixin
[08:27:04] [main/INFO]: Initializing com.ishland.c2me.threading.chunkio.mixin
[08:27:04] [main/INFO]: Initializing com.ishland.c2me.threading.lighting.mixin
[08:27:04] [main/INFO]: Initializing com.ishland.c2me.threading.worldgen.mixin
[08:27:04] [main/INFO]: Loaded configuration file for Lithium: 115 options available, 2 override(s) found
[08:27:04] [main/INFO]: Loaded configuration file for ModernFix 5.19.4+mc1.20.1: 61 options available, 13 override(s) found
[08:27:04] [main/WARN]: Option 'mixin.bugfix.paper_chunk_patches' overriden (by mods [c2me]) to 'false'
[08:27:04] [main/WARN]: Option 'mixin.perf.faster_item_rendering' overriden (by user configuration) to 'true'
[08:27:04] [main/WARN]: Option 'mixin.perf.dynamic_resources' overriden (by user configuration) to 'true'
[08:27:04] [main/WARN]: Option 'mixin.perf.cache_strongholds' overriden (by mods [c2me]) to 'false'
[08:27:04] [main/WARN]: Option 'mixin.perf.clear_mixin_classinfo' overriden (by user configuration) to 'true'
[08:27:04] [main/WARN]: Option 'mixin.perf.deduplicate_location' overriden (by user configuration) to 'true'
[08:27:04] [main/WARN]: Option 'mixin.perf.dynamic_entity_renderers' overriden (by user configuration) to 'true'
[08:27:04] [main/WARN]: Option 'mixin.perf.nbt_memory_usage' overriden (by mods [c2me]) to 'false'
[08:27:04] [main/WARN]: Option 'mixin.perf.clear_fabric_mapping_tables' overriden (by user configuration) to 'true'
[08:27:04] [main/WARN]: Option 'mixin.bugfix.packet_leak' overriden (by user configuration) to 'true'
[08:27:04] [main/WARN]: Option 'mixin.bugfix.chunk_deadlock' overriden (by mods [c2me]) to 'false'
[08:27:04] [main/WARN]: Option 'mixin.perf.worldgen_allocation' overriden (by user configuration) to 'true'
[08:27:04] [main/WARN]: Option 'mixin.perf.thread_priorities' overriden (by mods [threadtweak]) to 'false'
[08:27:04] [main/INFO]: Applying Nashorn fix
[08:27:05] [main/INFO]: Successfully started async appender with [ServerGuiConsole, SysOut, File]
[08:27:05] [main/WARN]: Error loading class: ca/spottedleaf/starlight/common/light/SWMRNibbleArray$SaveState (java.lang.ClassNotFoundException: ca/spottedleaf/starlight/common/light/SWMRNibbleArray$SaveState)
[08:27:06] [main/WARN]: Mixin malte0811.ferritecore.mixin.threaddetec.PalettedContainerMixin is disabled automatically as lithium is installed
[08:27:06] [main/WARN]: Force-disabling mixin 'alloc.blockstate.StateMixin' as rule 'mixin.alloc.blockstate' (added by mods [ferritecore]) disables it and children
[08:27:06] [main/WARN]: Force-disabling mixin 'world.player_chunk_tick.ThreadedAnvilChunkStorageMixin' as rule 'mixin.world.player_chunk_tick' (added by mods [c2me, vmp]) disables it and children
[08:27:08] [main/INFO]: Initializing MixinExtras via com.llamalad7.mixinextras.service.MixinExtrasServiceImpl(version=0.4.1).
[08:27:09] [main/INFO]: ThreadTweak config initialized
[08:27:11] [main/INFO]: Mixing common.MixinFriendlyByteBuf from mixins/common/nochatreports.mixins.json into net.minecraft.class_2540
[08:27:11] [main/INFO]: Renaming synthetic method lambda$onWriteJsonWithCodec$1(Ljava/lang/Object;Ljava/lang/String;)Lio/netty/handler/codec/EncoderException; to mda34ead$nochatreports$lambda$onWriteJsonWithCodec$1$0 in mixins/common/nochatreports.mixins.json:common.MixinFriendlyByteBuf from mod nochatreports
[08:27:11] [main/INFO]: Renaming synthetic method lambda$onReadJsonWithCodec$0(Ljava/lang/String;)Lio/netty/handler/codec/DecoderException; to mda34ead$nochatreports$lambda$onReadJsonWithCodec$0$1 in mixins/common/nochatreports.mixins.json:common.MixinFriendlyByteBuf from mod nochatreports
[08:27:14] [main/INFO]: Injecting BlockStateBase cache population hook into getNeighborPathNodeType from me.jellysquid.mods.lithium.mixin.ai.pathing.AbstractBlockStateMixin
[08:27:14] [main/INFO]: Injecting BlockStateBase cache population hook into getPathNodeType from me.jellysquid.mods.lithium.mixin.ai.pathing.AbstractBlockStateMixin
[08:27:14] [main/INFO]: Injecting BlockStateBase cache population hook into getAllFlags from me.jellysquid.mods.lithium.mixin.util.block_tracking.AbstractBlockStateMixin
[08:27:18] [main/INFO]: Mixing server.MixinServerGamePacketListenerImpl from mixins/common/nochatreports.mixins.json into net.minecraft.class_3244
[08:27:20] [main/WARN]: Method overwrite conflict for method_21740 in modernfix-common.mixins.json:perf.remove_biome_temperature_cache.BiomeMixin from mod modernfix, previously written by me.jellysquid.mods.lithium.mixin.world.temperature_cache.BiomeMixin. Skipping method.
[08:27:22] [main/INFO]: Vanilla bootstrap took 11702 milliseconds
[08:27:22] [main/INFO]: KONNICHIWA ZA WARUDO!
[08:27:22] [main/INFO]: Default JVM text encoding is: UTF-8
[08:27:22] [main/INFO]: Reading config file NoChatReports/NCR-Common.json...
[08:27:22] [main/INFO]: Writing config file NoChatReports/NCR-Common.json...
[08:27:22] [main/INFO]: Loading Noisium.
[08:27:22] [main/INFO]: Mixing server.MixinServerboundChatSessionUpdatePacket from mixins/common/nochatreports.mixins.json into net.minecraft.class_7861
[08:27:22] [main/INFO]: Mixing server.MixinServerboundChatCommandPacket from mixins/common/nochatreports.mixins.json into net.minecraft.class_7472
[08:27:22] [main/INFO]: Mixing server.MixinServerboundChatPacket from mixins/common/nochatreports.mixins.json into net.minecraft.class_2797
[08:27:23] [main/INFO]: Environment: authHost='https://authserver.mojang.com', accountsHost='https://api.mojang.com', sessionHost='https://sessionserver.mojang.com', servicesHost='https://api.minecraftservices.com', name='PROD'
[08:27:23] [main/INFO]: Bypassed Mojang DFU
[08:27:29] [main/INFO]: Loaded 7 recipes
[08:27:29] [main/INFO]: Loaded 1271 advancements
[08:27:29] [main/INFO]: Mixing server.MixinDedicatedServer from mixins/common/nochatreports.mixins.json into net.minecraft.class_3176
[08:27:29] [main/INFO]: Mixing server.MixinPlayerList from mixins/common/nochatreports.mixins.json into net.minecraft.class_3324
[08:27:29] [main/INFO]: Applied 0 biome modifications to 0 of 64 new biomes in 6.827 ms
[08:27:29] [Server thread/INFO]: Starting minecraft server version 1.20.1
[08:27:29] [Server thread/INFO]: Loading properties
[08:27:29] [Server thread/INFO]: Default game type: SURVIVAL
[08:27:29] [Server thread/INFO]: Generating keypair
[08:27:29] [Server thread/INFO]: Starting Minecraft server on *:25565
[08:27:29] [Server thread/INFO]: Using epoll channel type
[08:27:30] [Server thread/WARN]: **** SERVER IS RUNNING IN OFFLINE/INSECURE MODE!
[08:27:30] [Server thread/WARN]: The server will make no attempt to authenticate usernames. Beware.
[08:27:30] [Server thread/WARN]: While this makes the game possible to play without internet access, it also opens up the ability for hackers to connect with any username they choose.
[08:27:30] [Server thread/WARN]: To change this, set "online-mode" to "true" in the server.properties file.
[08:27:30] [Server thread/INFO]: Preparing level "world"
[08:27:30] [Server thread/INFO]: Enforcing safe world random access
[08:27:41] [Server thread/INFO]: Preparing start region for dimension minecraft:overworld
[08:27:42] [C2ME worker #1/INFO]: Preparing spawn area: 0%
[08:27:42] [C2ME worker #1/INFO]: Preparing spawn area: 0%
[08:27:42] [C2ME worker #1/INFO]: Preparing spawn area: 0%
[08:27:42] [C2ME worker #1/INFO]: Preparing spawn area: 0%
[08:27:43] [C2ME worker #1/INFO]: Preparing spawn area: 2%
[08:27:43] [C2ME worker #1/INFO]: Preparing spawn area: 5%
[08:27:44] [minecraft_overworld - Light/INFO]: Preparing spawn area: 9%
[08:27:44] [minecraft_overworld - Light/INFO]: Preparing spawn area: 15%
[08:27:45] [C2ME worker #1/INFO]: Preparing spawn area: 24%
[08:27:45] [C2ME worker #1/INFO]: Preparing spawn area: 31%
[08:27:46] [C2ME worker #1/INFO]: Preparing spawn area: 37%
[08:27:46] [minecraft_overworld - Light/INFO]: Preparing spawn area: 47%
[08:27:47] [minecraft_overworld - Light/INFO]: Preparing spawn area: 56%
[08:27:47] [C2ME worker #1/INFO]: Preparing spawn area: 64%
[08:27:48] [C2ME worker #1/INFO]: Preparing spawn area: 76%
[08:27:48] [minecraft_overworld - Light/INFO]: Preparing spawn area: 86%
[08:27:49] [minecraft_overworld - Light/INFO]: Preparing spawn area: 97%
[08:27:49] [Server thread/INFO]: Time elapsed: 8438 ms
[08:27:49] [Server thread/INFO]: Done (19.350s)! For help, type "help"
[08:27:49] [Server thread/WARN]: Dedicated server took 55.559 seconds to load
[08:27:49] [Worker-ResourceReload-0/INFO]: Force-loading class net.minecraft.class_7788
[08:27:49] [Server thread/INFO]: Mixing common.MixinServerStatus from mixins/common/nochatreports.mixins.json into net.minecraft.class_2926
[08:27:49] [Worker-ResourceReload-0/INFO]: Force-loading class com.ishland.c2me.notickvd.common.NoTickChunkSendingInterceptor
[08:27:49] [Worker-ResourceReload-0/INFO]: Force-loading class net.minecraft.class_5361
[08:27:49] [Worker-ResourceReload-0/INFO]: Force-loading class net.minecraft.class_4590
[08:27:49] [Worker-ResourceReload-0/INFO]: Force-loading class net.minecraft.class_6350$class_6351
[08:27:49] [Worker-ResourceReload-0/INFO]: Force-loading class net.minecraft.class_6686$class_6694
[08:27:49] [Worker-ResourceReload-0/INFO]: Force-loading class net.minecraft.class_3304
[08:27:49] [Worker-ResourceReload-0/INFO]: Force-loading class net.minecraft.class_55$class_56
[08:27:49] [Worker-ResourceReload-0/INFO]: Force-loading class net.minecraft.class_3421
[08:27:49] [Worker-ResourceReload-0/INFO]: Force-loading class net.minecraft.class_2926
[08:27:49] [Worker-ResourceReload-0/INFO]: Force-loading class net.minecraft.class_2405
[08:27:49] [Worker-ResourceReload-0/INFO]: Force-loading class com.mojang.datafixers.types.templates.TaggedChoice$TaggedChoiceType
[08:27:49] [Worker-ResourceReload-0/INFO]: Force-loading class net.minecraft.class_3853$class_4162
[08:27:49] [Worker-ResourceReload-0/INFO]: Force-loading class net.minecraft.class_3231
[08:27:49] [Worker-ResourceReload-0/INFO]: Force-loading class net.minecraft.class_5454
[08:27:49] [Worker-ResourceReload-0/INFO]: Force-loading class net.minecraft.class_4243
[08:27:50] [Worker-ResourceReload-0/INFO]: Force-loading class net.minecraft.class_6746
[08:27:50] [Worker-ResourceReload-0/INFO]: Force-loading class net.minecraft.class_6306
[08:27:50] [Worker-ResourceReload-0/INFO]: Force-loading class net.minecraft.class_3131$class_3132
[08:27:50] [Worker-ResourceReload-0/INFO]: Force-loading class net.minecraft.class_3244$1
[08:27:50] [Worker-ResourceReload-0/INFO]: Force-loading class net.minecraft.class_6748
[08:27:50] [Worker-ResourceReload-0/INFO]: Force-loading class net.minecraft.class_3366$class_3388
[08:27:50] [Worker-ResourceReload-0/INFO]: Force-loading class net.minecraft.class_6749
[08:27:50] [Worker-ResourceReload-0/INFO]: Force-loading class net.minecraft.class_6540$class_6541
[08:27:50] [Worker-ResourceReload-0/INFO]: Force-loading class net.minecraft.class_6582
[08:27:50] [Worker-ResourceReload-0/INFO]: Force-loading class net.minecraft.class_2985
[08:27:50] [Worker-ResourceReload-0/INFO]: Force-loading class net.minecraft.class_1258
[08:27:50] [Worker-ResourceReload-0/INFO]: Force-loading class net.minecraft.class_6540
[08:27:50] [Worker-ResourceReload-0/INFO]: Force-loading class net.minecraft.class_3233
[08:27:50] [Worker-ResourceReload-0/INFO]: Force-loading class net.minecraft.class_4246
[08:27:50] [Worker-ResourceReload-0/INFO]: Force-loading class net.minecraft.class_1927
[08:27:50] [Worker-ResourceReload-0/INFO]: Force-loading class net.minecraft.class_3390$class_3404
[08:27:50] [Worker-ResourceReload-0/INFO]: Force-loading class net.minecraft.class_3962$class_3963
[08:27:50] [Worker-ResourceReload-0/INFO]: Force-loading class net.minecraft.class_3509
[08:27:50] [Worker-ResourceReload-0/INFO]: Force-loading class net.minecraft.class_4916
[08:27:50] [Worker-ResourceReload-0/INFO]: Force-loading class net.minecraft.class_3962$class_3964
[08:27:50] [Worker-ResourceReload-0/INFO]: Force-loading class net.minecraft.class_3962$class_3925
[08:27:50] [Worker-ResourceReload-0/INFO]: Force-loading class net.minecraft.class_4010
[08:27:50] [Worker-ResourceReload-0/INFO]: Force-loading class net.minecraft.class_4097
[08:27:50] [Worker-ResourceReload-0/INFO]: Force-loading class net.minecraft.class_6032
[08:27:50] [Worker-ResourceReload-0/INFO]: Force-loading class net.minecraft.class_2248$class_2249
[08:27:50] [Worker-ResourceReload-0/INFO]: Force-loading class net.minecraft.class_2674
[08:27:50] [Worker-ResourceReload-0/INFO]: Force-loading class net.minecraft.class_2474
[08:27:50] [Worker-ResourceReload-0/INFO]: Force-loading class net.minecraft.class_5817
[08:27:50] [Worker-ResourceReload-0/INFO]: Force-loading class net.minecraft.class_3495
[08:27:50] [Worker-ResourceReload-0/INFO]: Force-loading class net.minecraft.class_6568
[08:27:50] [Worker-ResourceReload-0/INFO]: Force-loading class net.minecraft.class_3492
[08:27:50] [Worker-ResourceReload-0/INFO]: Force-loading class net.minecraft.class_6350$class_5832
[08:27:50] [Worker-ResourceReload-0/INFO]: Force-loading class com.ishland.c2me.rewrites.chunk_serializer.common.ChunkDataSerializer
[08:27:50] [Worker-ResourceReload-0/INFO]: Force-loading class net.minecraft.class_3471$class_3474
[08:27:50] [Worker-ResourceReload-0/INFO]: Force-loading class net.minecraft.class_5579$class_5580
[08:27:50] [Worker-ResourceReload-0/INFO]: Force-loading class net.minecraft.class_3471$class_3476
[08:27:50] [Worker-ResourceReload-0/INFO]: Force-loading class net.minecraft.class_1950
[08:27:50] [Worker-ResourceReload-0/INFO]: Force-loading class net.minecraft.class_6032$class_6033
[08:27:50] [Worker-ResourceReload-0/INFO]: Force-loading class net.minecraft.class_3499
[08:27:50] [Worker-ResourceReload-0/INFO]: Force-loading class net.minecraft.class_6640
[08:27:50] [Worker-ResourceReload-0/INFO]: Force-loading class net.minecraft.class_4983
[08:27:50] [Worker-ResourceReload-0/INFO]: Force-loading class net.minecraft.class_4103
[08:27:50] [Worker-ResourceReload-0/INFO]: Force-loading class net.minecraft.class_3499$class_5162
[08:27:50] [Worker-ResourceReload-0/INFO]: Force-loading class com.mojang.datafixers.types.templates.TaggedChoice
[08:27:50] [Worker-ResourceReload-0/INFO]: Force-loading class net.minecraft.class_4103$class_4104
[08:27:50] [Worker-ResourceReload-0/WARN]: Cleared mixin data structures
[08:28:18] [Server thread/INFO]: Lucky[/127.172.181.126:44983] logged in with entity id 163 at (-97.69999998807907, 25.0, 454.69999998807907)
[08:28:19] [Server thread/INFO]: Lucky joined the game
[08:28:19] [Server thread/INFO]: Async chunk loading for player Lucky completed
[08:28:25] [Server thread/WARN]: Can't keep up! Is the server overloaded? Running 2087ms or 41 ticks behind
[08:28:36] [Server thread/INFO]: ArganisEHS[/127.172.181.126:44857] logged in with entity id 348 at (-80.38997643581791, 66.0, 458.9976484700417)
[08:28:36] [Server thread/INFO]: ArganisEHS joined the game
[08:28:36] [Server thread/INFO]: Async chunk loading for player ArganisEHS completed
[08:28:54] [Server thread/INFO]: [Server] Holaaaaaaa!!!!
[08:31:51] [Server thread/INFO]: [Server] que hacen?
[08:31:58] [Server thread/INFO]: <Lucky> cocinar
[08:32:06] [Server thread/INFO]: <ArganisEHS> sembrar
[08:32:32] [Server thread/INFO]: <ArganisEHS> como se siempra la cana de azucar
[08:33:56] [Server thread/INFO]: [Server] al lado del agua
[08:34:04] [Server thread/INFO]: [Server] en un bloque de arena o tierra
[08:35:05] [Server thread/INFO]: [Server] aunque tarda un poco en crecer
[08:36:03] [Server thread/INFO]: Lucky has made the advancement [Fishy Business]
[08:36:29] [Server thread/INFO]: [Server] has domesticado un gato?
[08:36:35] [Server thread/INFO]: [Server] o has pescado?
